[2021-04-09 14:09:07,434][__main__][INFO] - device: cuda:1
[2021-04-09 14:09:07,434][preprocess][INFO] - ===== start preprocess data =====
[2021-04-09 14:09:07,435][preprocess][INFO] - load raw files...
[2021-04-09 14:09:07,435][utils][INFO] - load csv from /home/deployer/hjh/RelationExtraction/data/origin/train.csv
[2021-04-09 14:09:07,447][utils][INFO] - load csv from /home/deployer/hjh/RelationExtraction/data/origin/valid.csv
[2021-04-09 14:09:07,451][utils][INFO] - load csv from /home/deployer/hjh/RelationExtraction/data/origin/test.csv
[2021-04-09 14:09:07,455][utils][INFO] - load csv from /home/deployer/hjh/RelationExtraction/data/origin/relation.csv
[2021-04-09 14:09:07,455][preprocess][INFO] - convert relation into index...
[2021-04-09 14:09:07,457][preprocess][INFO] - use pretrained language models serialize sentence...
[2021-04-09 14:09:07,457][preprocess][INFO] - use bert tokenizer...
[2021-04-09 14:09:09,474][preprocess][INFO] - use bert tokenizer...
[2021-04-09 14:09:10,136][preprocess][INFO] - use bert tokenizer...
[2021-04-09 14:09:10,790][preprocess][INFO] - save data for backup...
[2021-04-09 14:09:10,791][utils][INFO] - save data in /home/deployer/hjh/RelationExtraction/data/out/train.pkl
[2021-04-09 14:09:10,807][utils][INFO] - save data in /home/deployer/hjh/RelationExtraction/data/out/valid.pkl
[2021-04-09 14:09:10,812][utils][INFO] - save data in /home/deployer/hjh/RelationExtraction/data/out/test.pkl
[2021-04-09 14:09:10,818][preprocess][INFO] - ===== end preprocess data =====
[2021-04-09 14:09:10,827][utils][INFO] - load data from /home/deployer/hjh/RelationExtraction/data/out/train.pkl
[2021-04-09 14:09:10,843][utils][INFO] - load data from /home/deployer/hjh/RelationExtraction/data/out/valid.pkl
[2021-04-09 14:09:10,856][utils][INFO] - load data from /home/deployer/hjh/RelationExtraction/data/out/test.pkl
