[2021-04-12 15:13:41,828][__main__][INFO] - device: cuda:1
[2021-04-12 15:13:41,828][utils][INFO] - load data from /home/deployer/hjh/RelationExtraction/data/out/train.pkl
[2021-04-12 15:13:41,846][utils][INFO] - load data from /home/deployer/hjh/RelationExtraction/data/out/valid.pkl
[2021-04-12 15:13:41,851][utils][INFO] - load data from /home/deployer/hjh/RelationExtraction/data/out/test.pkl
[2021-04-12 15:13:41,908][trainer][INFO] - ========== Start rel training ==========
[2021-04-12 15:13:47,674][trainer][INFO] - rel training:
[2021-04-12 15:13:49,848][trainer][INFO] - Train Epoch 1: [160/3000 (5%)]	Loss: 2.336728
[2021-04-12 15:13:49,848][trainer][INFO] - Train Epoch 1: Acc: 10.62%	macro metrics: [p: 0.1022, r:0.0768, f1:0.0666]
[2021-04-12 15:13:52,169][trainer][INFO] - Train Epoch 1: [320/3000 (11%)]	Loss: 2.313789
[2021-04-12 15:13:52,169][trainer][INFO] - Train Epoch 1: Acc: 15.00%	macro metrics: [p: 0.1399, r:0.1210, f1:0.0934]
[2021-04-12 15:13:54,567][trainer][INFO] - Train Epoch 1: [480/3000 (16%)]	Loss: 2.294498
[2021-04-12 15:13:54,567][trainer][INFO] - Train Epoch 1: Acc: 17.08%	macro metrics: [p: 0.1337, r:0.1298, f1:0.1006]
[2021-04-12 15:13:56,834][trainer][INFO] - Train Epoch 1: [640/3000 (21%)]	Loss: 2.268740
[2021-04-12 15:13:56,834][trainer][INFO] - Train Epoch 1: Acc: 21.41%	macro metrics: [p: 0.1531, r:0.1554, f1:0.1249]
[2021-04-12 15:13:59,065][trainer][INFO] - Train Epoch 1: [800/3000 (27%)]	Loss: 2.229519
[2021-04-12 15:13:59,065][trainer][INFO] - Train Epoch 1: Acc: 24.00%	macro metrics: [p: 0.1652, r:0.1737, f1:0.1433]
[2021-04-12 15:14:01,509][trainer][INFO] - Train Epoch 1: [960/3000 (32%)]	Loss: 2.213685
[2021-04-12 15:14:01,509][trainer][INFO] - Train Epoch 1: Acc: 26.67%	macro metrics: [p: 0.1767, r:0.1917, f1:0.1582]
[2021-04-12 15:14:03,574][trainer][INFO] - Train Epoch 1: [1120/3000 (37%)]	Loss: 2.157349
[2021-04-12 15:14:03,575][trainer][INFO] - Train Epoch 1: Acc: 29.82%	macro metrics: [p: 0.2030, r:0.2092, f1:0.1740]
[2021-04-12 15:14:05,556][trainer][INFO] - Train Epoch 1: [1280/3000 (43%)]	Loss: 2.078151
[2021-04-12 15:14:05,556][trainer][INFO] - Train Epoch 1: Acc: 32.27%	macro metrics: [p: 0.2283, r:0.2249, f1:0.1904]
[2021-04-12 15:14:07,948][trainer][INFO] - Train Epoch 1: [1440/3000 (48%)]	Loss: 2.047124
[2021-04-12 15:14:07,948][trainer][INFO] - Train Epoch 1: Acc: 33.75%	macro metrics: [p: 0.2383, r:0.2364, f1:0.2029]
[2021-04-12 15:14:10,335][trainer][INFO] - Train Epoch 1: [1600/3000 (53%)]	Loss: 2.021156
[2021-04-12 15:14:10,335][trainer][INFO] - Train Epoch 1: Acc: 35.38%	macro metrics: [p: 0.2521, r:0.2484, f1:0.2187]
[2021-04-12 15:14:12,509][trainer][INFO] - Train Epoch 1: [1760/3000 (59%)]	Loss: 1.974069
[2021-04-12 15:14:12,509][trainer][INFO] - Train Epoch 1: Acc: 36.02%	macro metrics: [p: 0.2444, r:0.2526, f1:0.2243]
[2021-04-12 15:14:14,784][trainer][INFO] - Train Epoch 1: [1920/3000 (64%)]	Loss: 2.003675
[2021-04-12 15:14:14,784][trainer][INFO] - Train Epoch 1: Acc: 37.03%	macro metrics: [p: 0.2511, r:0.2609, f1:0.2337]
[2021-04-12 15:14:17,085][trainer][INFO] - Train Epoch 1: [2080/3000 (69%)]	Loss: 1.930780
[2021-04-12 15:14:17,085][trainer][INFO] - Train Epoch 1: Acc: 38.99%	macro metrics: [p: 0.2636, r:0.2733, f1:0.2478]
[2021-04-12 15:14:19,400][trainer][INFO] - Train Epoch 1: [2240/3000 (75%)]	Loss: 1.819947
[2021-04-12 15:14:19,400][trainer][INFO] - Train Epoch 1: Acc: 40.67%	macro metrics: [p: 0.2722, r:0.2838, f1:0.2589]
[2021-04-12 15:14:21,782][trainer][INFO] - Train Epoch 1: [2400/3000 (80%)]	Loss: 1.570988
[2021-04-12 15:14:21,782][trainer][INFO] - Train Epoch 1: Acc: 42.67%	macro metrics: [p: 0.2841, r:0.2952, f1:0.2719]
[2021-04-12 15:14:23,737][trainer][INFO] - Train Epoch 1: [2560/3000 (85%)]	Loss: 1.737148
[2021-04-12 15:14:23,737][trainer][INFO] - Train Epoch 1: Acc: 43.79%	macro metrics: [p: 0.2907, r:0.3032, f1:0.2799]
[2021-04-12 15:14:25,838][trainer][INFO] - Train Epoch 1: [2720/3000 (91%)]	Loss: 1.560277
[2021-04-12 15:14:25,838][trainer][INFO] - Train Epoch 1: Acc: 45.37%	macro metrics: [p: 0.3039, r:0.3137, f1:0.2921]
[2021-04-12 15:14:28,322][trainer][INFO] - Train Epoch 1: [2880/3000 (96%)]	Loss: 1.575757
[2021-04-12 15:14:28,322][trainer][INFO] - Train Epoch 1: Acc: 46.25%	macro metrics: [p: 0.3088, r:0.3209, f1:0.2989]
[2021-04-12 15:14:29,918][trainer][INFO] - Train Epoch 1: [3000/3000 (100%)]	Loss: 1.339774
[2021-04-12 15:14:29,918][trainer][INFO] - Train Epoch 1: Acc: 46.97%	macro metrics: [p: 0.3132, r:0.3256, f1:0.3039]
[2021-04-12 15:14:34,191][trainer][INFO] - Valid Epoch 1: [1000/1000](100%)	 rel Loss: 2.570545
[2021-04-12 15:14:34,191][trainer][INFO] - Valid Epoch 1: rel Acc: 5.00%	
