[2021-04-12 15:10:47,690][__main__][INFO] - device: cuda:1
[2021-04-12 15:10:47,691][utils][INFO] - load data from /home/deployer/hjh/RelationExtraction/data/out/train.pkl
[2021-04-12 15:10:47,711][utils][INFO] - load data from /home/deployer/hjh/RelationExtraction/data/out/valid.pkl
[2021-04-12 15:10:47,716][utils][INFO] - load data from /home/deployer/hjh/RelationExtraction/data/out/test.pkl
[2021-04-12 15:10:47,774][trainer][INFO] - ========== Start rel training ==========
[2021-04-12 15:10:53,489][trainer][INFO] - rel training:
[2021-04-12 15:10:55,364][trainer][INFO] - Train Epoch 1: [160/3000 (5%)]	Loss: 2.298873
[2021-04-12 15:10:55,364][trainer][INFO] - Train Epoch 1: Acc: 15.62%	macro metrics: [p: 0.1171, r:0.1381, f1:0.1007]
[2021-04-12 15:10:57,362][trainer][INFO] - Train Epoch 1: [320/3000 (11%)]	Loss: 2.314584
[2021-04-12 15:10:57,363][trainer][INFO] - Train Epoch 1: Acc: 16.88%	macro metrics: [p: 0.1516, r:0.1275, f1:0.0960]
[2021-04-12 15:10:59,327][trainer][INFO] - Train Epoch 1: [480/3000 (16%)]	Loss: 2.282132
[2021-04-12 15:10:59,327][trainer][INFO] - Train Epoch 1: Acc: 17.71%	macro metrics: [p: 0.1679, r:0.1334, f1:0.1009]
[2021-04-12 15:11:01,292][trainer][INFO] - Train Epoch 1: [640/3000 (21%)]	Loss: 2.221083
[2021-04-12 15:11:01,292][trainer][INFO] - Train Epoch 1: Acc: 18.13%	macro metrics: [p: 0.1720, r:0.1376, f1:0.1012]
[2021-04-12 15:11:03,478][trainer][INFO] - Train Epoch 1: [800/3000 (27%)]	Loss: 2.190970
[2021-04-12 15:11:03,478][trainer][INFO] - Train Epoch 1: Acc: 19.88%	macro metrics: [p: 0.1780, r:0.1494, f1:0.1109]
[2021-04-12 15:11:05,319][trainer][INFO] - Train Epoch 1: [960/3000 (32%)]	Loss: 2.235958
[2021-04-12 15:11:05,319][trainer][INFO] - Train Epoch 1: Acc: 20.94%	macro metrics: [p: 0.1843, r:0.1591, f1:0.1152]
[2021-04-12 15:11:07,442][trainer][INFO] - Train Epoch 1: [1120/3000 (37%)]	Loss: 2.173686
[2021-04-12 15:11:07,442][trainer][INFO] - Train Epoch 1: Acc: 23.12%	macro metrics: [p: 0.2234, r:0.1742, f1:0.1275]
[2021-04-12 15:11:09,598][trainer][INFO] - Train Epoch 1: [1280/3000 (43%)]	Loss: 2.134562
[2021-04-12 15:11:09,598][trainer][INFO] - Train Epoch 1: Acc: 24.30%	macro metrics: [p: 0.2686, r:0.1887, f1:0.1413]
[2021-04-12 15:11:12,599][trainer][INFO] - Train Epoch 1: [1440/3000 (48%)]	Loss: 2.154238
[2021-04-12 15:11:12,599][trainer][INFO] - Train Epoch 1: Acc: 26.04%	macro metrics: [p: 0.3025, r:0.1991, f1:0.1561]
[2021-04-12 15:11:14,904][trainer][INFO] - Train Epoch 1: [1600/3000 (53%)]	Loss: 2.187609
[2021-04-12 15:11:14,905][trainer][INFO] - Train Epoch 1: Acc: 28.62%	macro metrics: [p: 0.3401, r:0.2201, f1:0.1857]
[2021-04-12 15:11:16,751][trainer][INFO] - Train Epoch 1: [1760/3000 (59%)]	Loss: 1.958148
[2021-04-12 15:11:16,751][trainer][INFO] - Train Epoch 1: Acc: 31.08%	macro metrics: [p: 0.3459, r:0.2386, f1:0.2105]
[2021-04-12 15:11:19,193][trainer][INFO] - Train Epoch 1: [1920/3000 (64%)]	Loss: 1.871053
[2021-04-12 15:11:19,194][trainer][INFO] - Train Epoch 1: Acc: 33.39%	macro metrics: [p: 0.3489, r:0.2535, f1:0.2278]
[2021-04-12 15:11:21,517][trainer][INFO] - Train Epoch 1: [2080/3000 (69%)]	Loss: 1.999977
[2021-04-12 15:11:21,517][trainer][INFO] - Train Epoch 1: Acc: 35.43%	macro metrics: [p: 0.3554, r:0.2682, f1:0.2447]
[2021-04-12 15:11:24,019][trainer][INFO] - Train Epoch 1: [2240/3000 (75%)]	Loss: 1.904241
[2021-04-12 15:11:24,020][trainer][INFO] - Train Epoch 1: Acc: 37.41%	macro metrics: [p: 0.3619, r:0.2826, f1:0.2610]
[2021-04-12 15:11:26,072][trainer][INFO] - Train Epoch 1: [2400/3000 (80%)]	Loss: 1.847083
[2021-04-12 15:11:26,072][trainer][INFO] - Train Epoch 1: Acc: 38.75%	macro metrics: [p: 0.3697, r:0.2924, f1:0.2724]
[2021-04-12 15:11:28,249][trainer][INFO] - Train Epoch 1: [2560/3000 (85%)]	Loss: 1.759150
[2021-04-12 15:11:28,249][trainer][INFO] - Train Epoch 1: Acc: 40.47%	macro metrics: [p: 0.3760, r:0.3041, f1:0.2836]
[2021-04-12 15:11:30,461][trainer][INFO] - Train Epoch 1: [2720/3000 (91%)]	Loss: 1.736535
[2021-04-12 15:11:30,461][trainer][INFO] - Train Epoch 1: Acc: 41.47%	macro metrics: [p: 0.3790, r:0.3135, f1:0.2939]
[2021-04-12 15:11:32,653][trainer][INFO] - Train Epoch 1: [2880/3000 (96%)]	Loss: 1.675025
[2021-04-12 15:11:32,653][trainer][INFO] - Train Epoch 1: Acc: 42.81%	macro metrics: [p: 0.3859, r:0.3250, f1:0.3065]
[2021-04-12 15:11:34,174][trainer][INFO] - Train Epoch 1: [3000/3000 (100%)]	Loss: 1.672081
[2021-04-12 15:11:34,174][trainer][INFO] - Train Epoch 1: Acc: 43.57%	macro metrics: [p: 0.3884, r:0.3312, f1:0.3128]
